<?xml version="1.0" encoding="UTF-8"?>
<!-- Generated by org.testng.reporters.JUnitReportReporter -->
<testsuite hostname="nageswari" failures="0" tests="1" name="v1.AppTest" time="0.205" errors="0" timestamp="2025-08-20T10:03:20 IST" skipped="0">
  <testcase classname="v1.AppTest" name="firstTest" time="0.205"/>
  <system-out/>
</testsuite> <!-- v1.AppTest -->
