<?xml version="1.0" encoding="UTF-8"?>
<!-- Generated by org.testng.reporters.JUnitReportReporter -->
<testsuite hostname="nageswari" failures="0" tests="4" name="v1.TestNGDemo" time="0.024" errors="0" timestamp="2025-08-20T11:12:58 IST" skipped="0">
  <testcase classname="v1.TestNGDemo" name="test3" time="0.002"/>
  <system-out/>
  <testcase classname="v1.TestNGDemo" name="test4" time="0.003"/>
  <system-out/>
  <testcase classname="v1.TestNGDemo" name="test1" time="0.017"/>
  <system-out/>
  <testcase classname="v1.TestNGDemo" name="test2" time="0.002"/>
  <system-out/>
</testsuite> <!-- v1.TestNGDemo -->
