<?xml version="1.0" encoding="UTF-8"?>
<!-- Generated by org.testng.reporters.JUnitReportReporter -->
<testsuite hostname="SHAFIQ" failures="0" tests="3" name="parallelexecution.RunLoginTest" time="14.498" errors="0" timestamp="2025-08-23T09:41:55 IST" skipped="0">
  <testcase classname="parallelexecution.RunLoginTest" name="runScenario" time="4.374"/>
  <testcase classname="parallelexecution.RunLoginTest" name="runScenario" time="4.566"/>
  <testcase classname="parallelexecution.RunLoginTest" name="runScenario" time="5.558"/>
</testsuite> <!-- parallelexecution.RunLoginTest -->
