<?xml version="1.0" encoding="UTF-8"?>
<!-- Generated by org.testng.reporters.JUnitReportReporter -->
<testsuite hostname="SHAFIQ" failures="0" tests="1" name="google.TestRunner" time="23.235" errors="0" timestamp="2025-08-23T09:41:55 IST" skipped="0">
  <testcase classname="google.TestRunner" name="runScenario" time="23.235"/>
</testsuite> <!-- google.TestRunner -->
