<?xml version="1.0" encoding="UTF-8"?>
<!-- Generated by org.testng.reporters.JUnitReportReporter -->
<testsuite hostname="SHAFIQ" failures="0" tests="1" name="products.TestRunner" time="10.377" errors="0" timestamp="2025-08-23T09:41:56 IST" skipped="0">
  <testcase classname="products.TestRunner" name="runScenario" time="10.377"/>
</testsuite> <!-- products.TestRunner -->
