<?xml version="1.0" encoding="UTF-8"?>
<!-- Generated by org.testng.reporters.JUnitReportReporter -->
<testsuite hostname="SHAFIQ" failures="0" tests="3" name="steps.TestRunner" time="14.746" errors="0" timestamp="2025-08-23T09:41:56 IST" skipped="0">
  <testcase classname="steps.TestRunner" name="runScenario" time="4.576"/>
  <testcase classname="steps.TestRunner" name="runScenario" time="5.401"/>
  <testcase classname="steps.TestRunner" name="runScenario" time="4.769"/>
</testsuite> <!-- steps.TestRunner -->
