<?xml version="1.0" encoding="UTF-8"?>
<!-- Generated by org.testng.reporters.JUnitReportReporter -->
<testsuite hostname="SHAFIQ" failures="0" tests="1" name="datatable.TestRunner" time="6.469" errors="0" timestamp="2025-08-23T09:41:55 IST" skipped="0">
  <testcase classname="datatable.TestRunner" name="runScenario" time="6.469"/>
</testsuite> <!-- datatable.TestRunner -->
