<?xml version="1.0" encoding="UTF-8"?>
<!-- Generated by org.testng.reporters.JUnitReportReporter -->
<testsuite hostname="SHAFIQ" failures="0" tests="1" name="parallelexecution.RunProductTest" time="12.262" errors="0" timestamp="2025-08-23T09:41:56 IST" skipped="0">
  <testcase classname="parallelexecution.RunProductTest" name="runScenario" time="12.262"/>
</testsuite> <!-- parallelexecution.RunProductTest -->
