<?xml version="1.0" encoding="UTF-8"?>
<!-- Generated by org.testng.reporters.JUnitReportReporter -->
<testsuite hostname="nageswari" failures="0" tests="2" name="tests.Login" time="0.011" errors="0" timestamp="2025-08-20T14:41:22 IST" skipped="0">
  <testcase classname="tests.Login" name="verifySomething" time="0.003"/>
  <testcase classname="tests.Login" name="login" time="0.008"/>
</testsuite> <!-- tests.Login -->
