<?xml version="1.0" encoding="UTF-8"?>
<!-- Generated by org.testng.reporters.JUnitReportReporter -->
<testsuite hostname="nageswari" failures="0" tests="2" name="tests.LoginTest" time="0.008" errors="0" timestamp="2025-08-20T14:34:15 IST" skipped="0">
  <testcase classname="tests.LoginTest" name="testLogin" time="0.001"/>
  <testcase classname="tests.LoginTest" name="testLogin" time="0.007"/>
</testsuite> <!-- tests.LoginTest -->
