<?xml version="1.0" encoding="UTF-8"?>
<!-- Generated by org.testng.reporters.JUnitReportReporter -->
<testsuite hostname="nageswari" failures="0" tests="2" name="tests.DependencyTest" time="0.011" errors="0" timestamp="2025-08-20T14:15:41 IST" skipped="0">
  <testcase classname="tests.DependencyTest" name="login" time="0.004"/>
  <testcase classname="tests.DependencyTest" name="startApp" time="0.007"/>
</testsuite> <!-- tests.DependencyTest -->
