<?xml version="1.0" encoding="UTF-8"?>
<!-- Generated by org.testng.reporters.JUnitReportReporter -->
<testsuite hostname="nageswari" failures="0" tests="1" name="tests.ParamTest" time="3.846" errors="0" timestamp="2025-08-20T14:01:08 IST" skipped="0">
  <testcase classname="tests.ParamTest" name="opensite" time="3.846"/>
</testsuite> <!-- tests.ParamTest -->
