<?xml version="1.0" encoding="UTF-8"?>
<!-- Generated by org.testng.reporters.JUnitReportReporter -->
<testsuite hostname="nageswari" failures="0" tests="1" name="tests.ExtentReportTest" time="1.639" errors="0" timestamp="2025-08-20T14:04:48 IST" skipped="0">
  <testcase classname="tests.ExtentReportTest" name="demoReport" time="1.639"/>
</testsuite> <!-- tests.ExtentReportTest -->
