<?xml version="1.0" encoding="UTF-8"?>
<!-- Generated by org.testng.reporters.JUnitReportReporter -->
<testsuite hostname="nageswari" failures="0" tests="2" name="tests.CrossBrowserTest" time="4.119" errors="0" timestamp="2025-08-20T14:39:35 IST" skipped="0">
  <testcase classname="tests.CrossBrowserTest" name="openGoogle" time="4.119"/>
  <testcase classname="tests.CrossBrowserTest" name="verifySomething" time="0.000"/>
</testsuite> <!-- tests.CrossBrowserTest -->
