<?xml version="1.0" encoding="UTF-8"?>
<!-- Generated by org.testng.reporters.JUnitReportReporter -->
<testsuite hostname="nageswari" failures="0" tests="2" name="tests.AssertionTest" time="5.660" errors="0" timestamp="2025-08-20T14:43:25 IST" skipped="0">
  <testcase classname="tests.AssertionTest" name="testTitle" time="5.656"/>
  <testcase classname="tests.AssertionTest" name="verifySomething" time="0.004"/>
</testsuite> <!-- tests.AssertionTest -->
