<?xml version="1.0" encoding="UTF-8"?>
<!-- Generated by org.testng.reporters.JUnitReportReporter -->
<testsuite hostname="nageswari" failures="0" tests="1" name="tests.ReportTest" time="4.844" errors="0" timestamp="2025-08-20T14:32:46 IST" skipped="0">
  <testcase classname="tests.ReportTest" name="demoReport" time="4.844"/>
</testsuite> <!-- tests.ReportTest -->
