<?xml version="1.0" encoding="UTF-8"?>
<!-- Generated by org.testng.reporters.JUnitReportReporter -->
<testsuite hostname="SHAFIQ" failures="0" tests="1" name="datatable.TestRunner" time="8.395" errors="0" timestamp="2025-08-21T19:20:55 IST" skipped="0">
  <testcase classname="datatable.TestRunner" name="runScenario" time="8.395"/>
</testsuite> <!-- datatable.TestRunner -->
