<?xml version="1.0" encoding="UTF-8"?>
<!-- Generated by org.testng.reporters.JUnitReportReporter -->
<testsuite hostname="nageswari" failures="0" tests="2" name="paralleltest.ParallelTest" time="14.437" errors="0" timestamp="2025-08-20T12:08:24 IST" skipped="0">
  <testcase classname="paralleltest.ParallelTest" name="testChrome" time="6.674"/>
  <system-out/>
  <testcase classname="paralleltest.ParallelTest" name="testfirefox" time="7.763"/>
  <system-out/>
</testsuite> <!-- paralleltest.ParallelTest -->
